2024-01-17 17:18:15.930 [info] Extension host with pid 21800 started
2024-01-17 17:18:15.985 [info] ExtensionService#_doActivateExtension vscode.git-base, startup: true, activationEvent: '*', root cause: vscode.git
2024-01-17 17:18:15.985 [info] ExtensionService#_doActivateExtension naumovs.color-highlight, startup: true, activationEvent: '*'
2024-01-17 17:18:16.065 [info] ExtensionService#_doActivateExtension vscode.git, startup: true, activationEvent: '*'
2024-01-17 17:18:16.066 [info] ExtensionService#_doActivateExtension vscode.github, startup: true, activationEvent: '*'
2024-01-17 17:18:16.286 [info] Eager extensions activated
2024-01-17 17:18:16.355 [info] ExtensionService#_doActivateExtension vscode.debug-auto-launch, startup: false, activationEvent: 'onStartupFinished'
2024-01-17 17:18:16.356 [info] ExtensionService#_doActivateExtension vscode.merge-conflict, startup: false, activationEvent: 'onStartupFinished'
2024-01-17 17:18:24.893 [info] Extension host terminating: renderer closed the MessagePort
2024-01-17 17:18:24.913 [info] Extension host with pid 21800 exiting with code 0
2024-01-17 17:18:25.912 [info] Extension host with pid 21877 started
2024-01-17 17:18:25.913 [info] Skipping acquiring lock for /home/as/.config/Code/User/workspaceStorage/719e5353a4567b3313153414c4d9726a.
2024-01-17 17:18:26.021 [info] ExtensionService#_doActivateExtension vscode.emmet, startup: false, activationEvent: 'onLanguage'
2024-01-17 17:18:26.186 [info] ExtensionService#_doActivateExtension vscode.git-base, startup: true, activationEvent: '*', root cause: vscode.git
2024-01-17 17:18:26.186 [info] ExtensionService#_doActivateExtension naumovs.color-highlight, startup: true, activationEvent: '*'
2024-01-17 17:18:26.354 [info] ExtensionService#_doActivateExtension vscode.git, startup: true, activationEvent: '*'
2024-01-17 17:18:26.355 [info] ExtensionService#_doActivateExtension vscode.github, startup: true, activationEvent: '*'
2024-01-17 17:18:26.521 [info] Eager extensions activated
2024-01-17 17:18:26.571 [info] ExtensionService#_doActivateExtension vscode.debug-auto-launch, startup: false, activationEvent: 'onStartupFinished'
2024-01-17 17:18:26.572 [info] ExtensionService#_doActivateExtension vscode.merge-conflict, startup: false, activationEvent: 'onStartupFinished'
2024-01-17 17:32:24.416 [info] ExtensionService#_doActivateExtension vscode.extension-editing, startup: false, activationEvent: 'onLanguage:json'
2024-01-17 17:32:24.416 [info] ExtensionService#_doActivateExtension vscode.json-language-features, startup: false, activationEvent: 'onLanguage:json'
2024-01-17 17:32:24.417 [info] ExtensionService#_doActivateExtension vscode.npm, startup: false, activationEvent: 'onLanguage:json'
2024-01-17 17:32:25.032 [info] ExtensionService#_doActivateExtension vscode.css-language-features, startup: false, activationEvent: 'onLanguage:css'
