2024-02-03 10:34:01.824 [info] Livello log: Info
2024-02-03 10:34:01.824 [info] Convalida del GitT trovato in: "git"
2024-02-03 10:34:01.824 [info] Uso di Git "2.43.0" da "git"
2024-02-03 10:34:17.531 [info] Livello log: Info
2024-02-03 10:34:17.531 [info] Convalida del GitT trovato in: "git"
2024-02-03 10:34:17.531 [info] Uso di Git "2.43.0" da "git"
2024-02-03 10:34:17.531 [info] > git rev-parse --show-toplevel [12ms]
2024-02-03 10:34:17.531 [info] fatal: not a git repository (or any of the parent directories): .git
2024-02-03 10:34:17.533 [info] > git rev-parse --show-toplevel [11ms]
2024-02-03 10:34:17.533 [info] fatal: not a git repository (or any of the parent directories): .git
2024-02-03 10:34:17.544 [info] > git rev-parse --show-toplevel [1ms]
2024-02-03 10:34:17.545 [info] fatal: not a git repository (or any of the parent directories): .git
2024-02-03 10:34:17.556 [info] > git rev-parse --show-toplevel [2ms]
2024-02-03 10:34:17.556 [info] fatal: not a git repository (or any of the parent directories): .git
2024-02-03 10:34:17.566 [info] > git rev-parse --show-toplevel [2ms]
2024-02-03 10:34:17.566 [info] fatal: not a git repository (or any of the parent directories): .git
2024-02-03 10:34:17.578 [info] > git rev-parse --show-toplevel [3ms]
2024-02-03 10:34:17.578 [info] fatal: not a git repository (or any of the parent directories): .git
2024-02-03 10:34:17.614 [info] > git rev-parse --show-toplevel [30ms]
2024-02-03 10:34:17.614 [info] fatal: not a git repository (or any of the parent directories): .git
2024-02-03 10:34:17.625 [info] > git rev-parse --show-toplevel [2ms]
2024-02-03 10:34:17.625 [info] fatal: not a git repository (or any of the parent directories): .git
2024-02-03 10:34:17.635 [info] > git rev-parse --show-toplevel [3ms]
2024-02-03 10:34:17.635 [info] fatal: not a git repository (or any of the parent directories): .git
2024-02-03 10:34:17.646 [info] > git rev-parse --show-toplevel [1ms]
2024-02-03 10:34:17.646 [info] fatal: not a git repository (or any of the parent directories): .git
2024-02-03 10:34:17.656 [info] > git rev-parse --show-toplevel [2ms]
2024-02-03 10:34:17.656 [info] fatal: not a git repository (or any of the parent directories): .git
2024-02-03 10:34:17.677 [info] > git rev-parse --show-toplevel [12ms]
2024-02-03 10:34:17.677 [info] fatal: not a git repository (or any of the parent directories): .git
2024-02-03 10:34:17.688 [info] > git rev-parse --show-toplevel [2ms]
2024-02-03 10:34:17.688 [info] fatal: not a git repository (or any of the parent directories): .git
2024-02-03 10:34:17.698 [info] > git rev-parse --show-toplevel [1ms]
2024-02-03 10:34:17.698 [info] fatal: not a git repository (or any of the parent directories): .git
2024-02-03 10:34:17.708 [info] > git rev-parse --show-toplevel [2ms]
2024-02-03 10:34:17.708 [info] fatal: not a git repository (or any of the parent directories): .git
2024-02-03 10:34:17.717 [info] > git rev-parse --show-toplevel [2ms]
2024-02-03 10:34:17.717 [info] fatal: not a git repository (or any of the parent directories): .git
2024-02-03 10:34:17.726 [info] > git rev-parse --show-toplevel [1ms]
2024-02-03 10:34:17.726 [info] fatal: not a git repository (or any of the parent directories): .git
2024-02-03 10:34:17.735 [info] > git rev-parse --show-toplevel [1ms]
2024-02-03 10:34:17.735 [info] fatal: not a git repository (or any of the parent directories): .git
2024-02-03 10:34:17.743 [info] > git rev-parse --show-toplevel [1ms]
2024-02-03 10:34:17.743 [info] fatal: not a git repository (or any of the parent directories): .git
2024-02-03 10:34:17.749 [info] > git rev-parse --show-toplevel [1ms]
2024-02-03 10:34:17.750 [info] fatal: not a git repository (or any of the parent directories): .git
2024-02-03 10:34:17.758 [info] > git rev-parse --show-toplevel [1ms]
2024-02-03 10:34:17.758 [info] fatal: not a git repository (or any of the parent directories): .git
2024-02-03 10:34:17.765 [info] > git rev-parse --show-toplevel [2ms]
2024-02-03 10:34:17.765 [info] fatal: not a git repository (or any of the parent directories): .git
2024-02-03 10:34:17.774 [info] > git rev-parse --show-toplevel [1ms]
2024-02-03 10:34:17.774 [info] fatal: not a git repository (or any of the parent directories): .git
2024-02-03 10:34:17.781 [info] > git rev-parse --show-toplevel [1ms]
2024-02-03 10:34:17.781 [info] fatal: not a git repository (or any of the parent directories): .git
2024-02-03 10:34:17.788 [info] > git rev-parse --show-toplevel [1ms]
2024-02-03 10:34:17.788 [info] fatal: not a git repository (or any of the parent directories): .git
2024-02-03 10:34:17.797 [info] > git rev-parse --show-toplevel [2ms]
2024-02-03 10:34:17.797 [info] fatal: not a git repository (or any of the parent directories): .git
2024-02-03 10:34:17.806 [info] > git rev-parse --show-toplevel [1ms]
2024-02-03 10:34:17.806 [info] fatal: not a git repository (or any of the parent directories): .git
2024-02-03 10:34:17.814 [info] > git rev-parse --show-toplevel [1ms]
2024-02-03 10:34:17.814 [info] fatal: not a git repository (or any of the parent directories): .git
2024-02-03 10:34:17.823 [info] > git rev-parse --show-toplevel [1ms]
2024-02-03 10:34:17.823 [info] fatal: not a git repository (or any of the parent directories): .git
2024-02-03 10:34:17.830 [info] > git rev-parse --show-toplevel [1ms]
2024-02-03 10:34:17.830 [info] fatal: not a git repository (or any of the parent directories): .git
2024-02-03 10:34:17.837 [info] > git rev-parse --show-toplevel [1ms]
2024-02-03 10:34:17.837 [info] fatal: not a git repository (or any of the parent directories): .git
2024-02-03 10:34:17.846 [info] > git rev-parse --show-toplevel [1ms]
2024-02-03 10:34:17.846 [info] fatal: not a git repository (or any of the parent directories): .git
2024-02-03 10:34:17.854 [info] > git rev-parse --show-toplevel [1ms]
2024-02-03 10:34:17.854 [info] fatal: not a git repository (or any of the parent directories): .git
2024-02-03 10:34:17.862 [info] > git rev-parse --show-toplevel [2ms]
2024-02-03 10:34:17.862 [info] fatal: not a git repository (or any of the parent directories): .git
2024-02-03 10:34:17.872 [info] > git rev-parse --show-toplevel [1ms]
2024-02-03 10:34:17.872 [info] fatal: not a git repository (or any of the parent directories): .git
2024-02-03 10:34:17.879 [info] > git rev-parse --show-toplevel [2ms]
2024-02-03 10:34:17.879 [info] fatal: not a git repository (or any of the parent directories): .git
2024-02-03 10:34:17.888 [info] > git rev-parse --show-toplevel [1ms]
2024-02-03 10:34:17.888 [info] fatal: not a git repository (or any of the parent directories): .git
2024-02-03 10:34:17.895 [info] > git rev-parse --show-toplevel [1ms]
2024-02-03 10:34:17.895 [info] fatal: not a git repository (or any of the parent directories): .git
2024-02-03 10:34:17.903 [info] > git rev-parse --show-toplevel [1ms]
2024-02-03 10:34:17.903 [info] fatal: not a git repository (or any of the parent directories): .git
2024-02-03 10:34:17.910 [info] > git rev-parse --show-toplevel [1ms]
2024-02-03 10:34:17.910 [info] fatal: not a git repository (or any of the parent directories): .git
2024-02-03 10:34:17.917 [info] > git rev-parse --show-toplevel [1ms]
2024-02-03 10:34:17.917 [info] fatal: not a git repository (or any of the parent directories): .git
2024-02-03 10:34:17.924 [info] > git rev-parse --show-toplevel [1ms]
2024-02-03 10:34:17.924 [info] fatal: not a git repository (or any of the parent directories): .git
2024-02-03 10:34:17.931 [info] > git rev-parse --show-toplevel [1ms]
2024-02-03 10:34:17.931 [info] fatal: not a git repository (or any of the parent directories): .git
2024-02-03 10:34:17.938 [info] > git rev-parse --show-toplevel [2ms]
2024-02-03 10:34:17.938 [info] fatal: not a git repository (or any of the parent directories): .git
2024-02-03 10:34:17.948 [info] > git rev-parse --show-toplevel [1ms]
2024-02-03 10:34:17.948 [info] fatal: not a git repository (or any of the parent directories): .git
2024-02-03 10:34:17.955 [info] > git rev-parse --show-toplevel [1ms]
2024-02-03 10:34:17.956 [info] fatal: not a git repository (or any of the parent directories): .git
2024-02-03 10:34:17.962 [info] > git rev-parse --show-toplevel [1ms]
2024-02-03 10:34:17.962 [info] fatal: not a git repository (or any of the parent directories): .git
2024-02-03 10:34:17.972 [info] > git rev-parse --show-toplevel [1ms]
2024-02-03 10:34:17.972 [info] fatal: not a git repository (or any of the parent directories): .git
