2024-02-18 14:43:17.784 [info] Deleted uninstalled extension from disk ms-ceintl.vscode-language-pack-it /home/as/.vscode/extensions/ms-ceintl.vscode-language-pack-it-1.85.2024013109
2024-02-18 14:43:17.924 [error] [uncaught exception in sharedProcess]: Event not found: onDidChange: CodeExpectedError: Event not found: onDidChange
    at Object.listen (/opt/visual-studio-code/resources/app/out/vs/code/node/sharedProcess/sharedProcessMain.js:45:4959)
    at E.t (/opt/visual-studio-code/resources/app/out/vs/code/node/sharedProcess/sharedProcessMain.js:44:251)
    at E.q (/opt/visual-studio-code/resources/app/out/vs/code/node/sharedProcess/sharedProcessMain.js:43:4371)
    at w.value (/opt/visual-studio-code/resources/app/out/vs/code/node/sharedProcess/sharedProcessMain.js:43:3602)
    at d.y (/opt/visual-studio-code/resources/app/out/vs/code/node/sharedProcess/sharedProcessMain.js:38:1902)
    at d.z (/opt/visual-studio-code/resources/app/out/vs/code/node/sharedProcess/sharedProcessMain.js:38:1972)
    at d.fire (/opt/visual-studio-code/resources/app/out/vs/code/node/sharedProcess/sharedProcessMain.js:38:2188)
    at MessagePortMain.de (/opt/visual-studio-code/resources/app/out/vs/code/node/sharedProcess/sharedProcessMain.js:36:30422)
    at MessagePortMain.emit (node:events:514:28)
    at Object.emit (node:electron/js2c/utility_init:2:2285)
2024-02-18 14:43:18.405 [info] Deleted uninstalled extension from disk ms-python.vscode-pylance /home/as/.vscode/extensions/ms-python.vscode-pylance-2023.12.1
2024-02-18 14:43:18.408 [info] Deleted uninstalled extension from disk ms-python.python /home/as/.vscode/extensions/ms-python.python-2024.0.0
2024-02-18 14:43:21.623 [info] Getting Manifest... ms-ceintl.vscode-language-pack-it
2024-02-18 14:43:21.627 [info] Getting Manifest... ms-python.vscode-pylance
2024-02-18 14:43:21.741 [info] Installing extension: ms-ceintl.vscode-language-pack-it
2024-02-18 14:43:21.757 [info] Installing extension: ms-python.vscode-pylance
2024-02-18 14:43:22.496 [warning] Extension signature verification failed with error 'UnknownError': ms-ceintl.vscode-language-pack-it
2024-02-18 14:43:22.571 [info] Extracted extension to file:///home/as/.vscode/extensions/ms-ceintl.vscode-language-pack-it-1.85.2024021409: ms-ceintl.vscode-language-pack-it
2024-02-18 14:43:22.575 [info] Renamed to /home/as/.vscode/extensions/ms-ceintl.vscode-language-pack-it-1.85.2024021409
2024-02-18 14:43:22.576 [info] Extracting extension completed. ms-ceintl.vscode-language-pack-it
2024-02-18 14:43:22.589 [info] Adding language packs from the extension ms-ceintl.vscode-language-pack-it
2024-02-18 14:43:22.618 [info] Marked extension as uninstalled ms-ceintl.vscode-language-pack-it-1.85.2024020709
2024-02-18 14:43:22.654 [info] Extension installed successfully: ms-ceintl.vscode-language-pack-it
2024-02-18 14:43:22.657 [error] [uncaught exception in sharedProcess]: Error: ENOENT: no such file or directory, stat '/home/as/.vscode/extensions/extensions.json.vsctmp': EntryNotFound (FileSystemError): Error: ENOENT: no such file or directory, stat '/home/as/.vscode/extensions/extensions.json.vsctmp'
    at r.create (/opt/visual-studio-code/resources/app/out/vs/code/node/sharedProcess/sharedProcessMain.js:51:30119)
    at a (/opt/visual-studio-code/resources/app/out/vs/code/node/sharedProcess/sharedProcessMain.js:51:30234)
    at i.fb (/opt/visual-studio-code/resources/app/out/vs/code/node/sharedProcess/sharedProcessMain.js:56:36631)
    at i.stat (/opt/visual-studio-code/resources/app/out/vs/code/node/sharedProcess/sharedProcessMain.js:56:29077)
    at async v.stat (/opt/visual-studio-code/resources/app/out/vs/code/node/sharedProcess/sharedProcessMain.js:56:16223)
    at async Y.tb (/opt/visual-studio-code/resources/app/out/vs/code/node/sharedProcess/sharedProcessMain.js:102:108626)
2024-02-18 14:43:23.227 [info] Getting Manifest... ms-python.python
2024-02-18 14:43:25.234 [warning] Extension signature verification failed with error 'UnknownError': ms-python.vscode-pylance
2024-02-18 14:43:27.925 [info] Extracted extension to file:///home/as/.vscode/extensions/ms-python.vscode-pylance-2024.2.2: ms-python.vscode-pylance
2024-02-18 14:43:27.934 [info] Renamed to /home/as/.vscode/extensions/ms-python.vscode-pylance-2024.2.2
2024-02-18 14:43:27.936 [info] Extracting extension completed. ms-python.vscode-pylance
2024-02-18 14:43:27.945 [info] Extension installed successfully: ms-python.vscode-pylance
2024-02-18 14:43:27.950 [info] Marked extension as uninstalled ms-python.vscode-pylance-2024.2.1
2024-02-18 14:43:28.030 [error] [uncaught exception in sharedProcess]: Error: ENOENT: no such file or directory, stat '/home/as/.vscode/extensions/extensions.json.vsctmp': EntryNotFound (FileSystemError): Error: ENOENT: no such file or directory, stat '/home/as/.vscode/extensions/extensions.json.vsctmp'
    at r.create (/opt/visual-studio-code/resources/app/out/vs/code/node/sharedProcess/sharedProcessMain.js:51:30119)
    at a (/opt/visual-studio-code/resources/app/out/vs/code/node/sharedProcess/sharedProcessMain.js:51:30234)
    at i.fb (/opt/visual-studio-code/resources/app/out/vs/code/node/sharedProcess/sharedProcessMain.js:56:36631)
    at i.stat (/opt/visual-studio-code/resources/app/out/vs/code/node/sharedProcess/sharedProcessMain.js:56:29077)
    at async v.stat (/opt/visual-studio-code/resources/app/out/vs/code/node/sharedProcess/sharedProcessMain.js:56:16223)
    at async Y.tb (/opt/visual-studio-code/resources/app/out/vs/code/node/sharedProcess/sharedProcessMain.js:102:108626)
2024-02-18 14:43:57.258 [error] [uncaught exception in sharedProcess]: Si è verificato un errore di sistema (ENOENT: no such file or directory, scandir '/home/as/.config/Code/clp/b39d7024214f2b5ca8b0446f327ebf1f.it'): Error: ENOENT: no such file or directory, scandir '/home/as/.config/Code/clp/b39d7024214f2b5ca8b0446f327ebf1f.it'
