2024-02-03 10:34:01.287 [error] [uncaught exception in sharedProcess]: Event not found: onDidChange: CodeExpectedError: Event not found: onDidChange
    at Object.listen (/opt/visual-studio-code/resources/app/out/vs/code/node/sharedProcess/sharedProcessMain.js:45:4959)
    at E.t (/opt/visual-studio-code/resources/app/out/vs/code/node/sharedProcess/sharedProcessMain.js:44:251)
    at E.q (/opt/visual-studio-code/resources/app/out/vs/code/node/sharedProcess/sharedProcessMain.js:43:4371)
    at w.value (/opt/visual-studio-code/resources/app/out/vs/code/node/sharedProcess/sharedProcessMain.js:43:3602)
    at d.y (/opt/visual-studio-code/resources/app/out/vs/code/node/sharedProcess/sharedProcessMain.js:38:1902)
    at d.z (/opt/visual-studio-code/resources/app/out/vs/code/node/sharedProcess/sharedProcessMain.js:38:1972)
    at d.fire (/opt/visual-studio-code/resources/app/out/vs/code/node/sharedProcess/sharedProcessMain.js:38:2188)
    at MessagePortMain.de (/opt/visual-studio-code/resources/app/out/vs/code/node/sharedProcess/sharedProcessMain.js:36:30422)
    at MessagePortMain.emit (node:events:514:28)
    at Object.emit (node:electron/js2c/utility_init:2:2285)
2024-02-03 10:34:04.757 [info] Getting Manifest... ms-ceintl.vscode-language-pack-it
2024-02-03 10:34:04.758 [info] Getting Manifest... ms-python.python
2024-02-03 10:34:04.849 [info] Installing extension: ms-python.python
2024-02-03 10:34:04.849 [info] Installing extension: ms-ceintl.vscode-language-pack-it
2024-02-03 10:34:05.165 [info] Getting Manifest... ms-python.debugpy
2024-02-03 10:34:05.264 [info] Installing extension: ms-python.debugpy ms-python.python
2024-02-03 10:34:05.956 [warning] Extension signature verification failed with error 'UnknownError': ms-ceintl.vscode-language-pack-it
2024-02-03 10:34:06.045 [info] Extracted extension to file:///home/as/.vscode/extensions/ms-ceintl.vscode-language-pack-it-1.85.2024013109: ms-ceintl.vscode-language-pack-it
2024-02-03 10:34:06.050 [info] Renamed to /home/as/.vscode/extensions/ms-ceintl.vscode-language-pack-it-1.85.2024013109
2024-02-03 10:34:06.052 [info] Extracting extension completed. ms-ceintl.vscode-language-pack-it
2024-02-03 10:34:06.063 [info] Adding language packs from the extension ms-ceintl.vscode-language-pack-it
2024-02-03 10:34:06.112 [info] Marked extension as uninstalled ms-ceintl.vscode-language-pack-it-1.85.2024011709
2024-02-03 10:34:06.139 [error] [uncaught exception in sharedProcess]: Error: ENOENT: no such file or directory, stat '/home/as/.vscode/extensions/extensions.json.vsctmp': EntryNotFound (FileSystemError): Error: ENOENT: no such file or directory, stat '/home/as/.vscode/extensions/extensions.json.vsctmp'
    at r.create (/opt/visual-studio-code/resources/app/out/vs/code/node/sharedProcess/sharedProcessMain.js:51:30119)
    at a (/opt/visual-studio-code/resources/app/out/vs/code/node/sharedProcess/sharedProcessMain.js:51:30234)
    at i.fb (/opt/visual-studio-code/resources/app/out/vs/code/node/sharedProcess/sharedProcessMain.js:56:36631)
    at i.stat (/opt/visual-studio-code/resources/app/out/vs/code/node/sharedProcess/sharedProcessMain.js:56:29077)
    at async v.stat (/opt/visual-studio-code/resources/app/out/vs/code/node/sharedProcess/sharedProcessMain.js:56:16223)
    at async Y.tb (/opt/visual-studio-code/resources/app/out/vs/code/node/sharedProcess/sharedProcessMain.js:102:108626)
2024-02-03 10:34:06.168 [info] Extension installed successfully: ms-ceintl.vscode-language-pack-it
2024-02-03 10:34:06.418 [warning] Extension signature verification failed with error 'UnknownError': ms-python.debugpy
2024-02-03 10:34:06.919 [info] Extracted extension to file:///home/as/.vscode/extensions/ms-python.debugpy-2024.0.0-linux-x64: ms-python.debugpy
2024-02-03 10:34:06.926 [info] Renamed to /home/as/.vscode/extensions/ms-python.debugpy-2024.0.0-linux-x64
2024-02-03 10:34:06.928 [info] Extracting extension completed. ms-python.debugpy
2024-02-03 10:34:07.011 [error] [uncaught exception in sharedProcess]: Error: ENOENT: no such file or directory, stat '/home/as/.vscode/extensions/extensions.json.vsctmp': EntryNotFound (FileSystemError): Error: ENOENT: no such file or directory, stat '/home/as/.vscode/extensions/extensions.json.vsctmp'
    at r.create (/opt/visual-studio-code/resources/app/out/vs/code/node/sharedProcess/sharedProcessMain.js:51:30119)
    at a (/opt/visual-studio-code/resources/app/out/vs/code/node/sharedProcess/sharedProcessMain.js:51:30234)
    at i.fb (/opt/visual-studio-code/resources/app/out/vs/code/node/sharedProcess/sharedProcessMain.js:56:36631)
    at i.stat (/opt/visual-studio-code/resources/app/out/vs/code/node/sharedProcess/sharedProcessMain.js:56:29077)
    at async v.stat (/opt/visual-studio-code/resources/app/out/vs/code/node/sharedProcess/sharedProcessMain.js:56:16223)
    at async Y.tb (/opt/visual-studio-code/resources/app/out/vs/code/node/sharedProcess/sharedProcessMain.js:102:108626)
2024-02-03 10:34:08.678 [warning] Extension signature verification failed with error 'UnknownError': ms-python.python
2024-02-03 10:34:10.592 [info] Extracted extension to file:///home/as/.vscode/extensions/ms-python.python-2024.0.0: ms-python.python
2024-02-03 10:34:10.608 [info] Renamed to /home/as/.vscode/extensions/ms-python.python-2024.0.0
2024-02-03 10:34:10.613 [info] Extracting extension completed. ms-python.python
2024-02-03 10:34:10.625 [info] Extension installed successfully: ms-python.debugpy
2024-02-03 10:34:10.625 [info] Extension installed successfully: ms-python.python
2024-02-03 10:34:10.632 [info] Marked extension as uninstalled ms-python.python-2023.22.1
2024-02-03 10:34:10.698 [error] [uncaught exception in sharedProcess]: Error: ENOENT: no such file or directory, stat '/home/as/.vscode/extensions/extensions.json.vsctmp': EntryNotFound (FileSystemError): Error: ENOENT: no such file or directory, stat '/home/as/.vscode/extensions/extensions.json.vsctmp'
    at r.create (/opt/visual-studio-code/resources/app/out/vs/code/node/sharedProcess/sharedProcessMain.js:51:30119)
    at a (/opt/visual-studio-code/resources/app/out/vs/code/node/sharedProcess/sharedProcessMain.js:51:30234)
    at i.fb (/opt/visual-studio-code/resources/app/out/vs/code/node/sharedProcess/sharedProcessMain.js:56:36631)
    at i.stat (/opt/visual-studio-code/resources/app/out/vs/code/node/sharedProcess/sharedProcessMain.js:56:29077)
    at async v.stat (/opt/visual-studio-code/resources/app/out/vs/code/node/sharedProcess/sharedProcessMain.js:56:16223)
    at async Y.tb (/opt/visual-studio-code/resources/app/out/vs/code/node/sharedProcess/sharedProcessMain.js:102:108626)
2024-02-03 10:34:17.500 [error] [uncaught exception in sharedProcess]: Event not found: onDidChange: CodeExpectedError: Event not found: onDidChange
    at Object.listen (/opt/visual-studio-code/resources/app/out/vs/code/node/sharedProcess/sharedProcessMain.js:45:4959)
    at E.t (/opt/visual-studio-code/resources/app/out/vs/code/node/sharedProcess/sharedProcessMain.js:44:251)
    at E.q (/opt/visual-studio-code/resources/app/out/vs/code/node/sharedProcess/sharedProcessMain.js:43:4371)
    at w.value (/opt/visual-studio-code/resources/app/out/vs/code/node/sharedProcess/sharedProcessMain.js:43:3602)
    at d.y (/opt/visual-studio-code/resources/app/out/vs/code/node/sharedProcess/sharedProcessMain.js:38:1902)
    at d.z (/opt/visual-studio-code/resources/app/out/vs/code/node/sharedProcess/sharedProcessMain.js:38:1972)
    at d.fire (/opt/visual-studio-code/resources/app/out/vs/code/node/sharedProcess/sharedProcessMain.js:38:2188)
    at MessagePortMain.de (/opt/visual-studio-code/resources/app/out/vs/code/node/sharedProcess/sharedProcessMain.js:36:30422)
    at MessagePortMain.emit (node:events:514:28)
    at Object.emit (node:electron/js2c/utility_init:2:2285)
2024-02-03 10:34:40.657 [error] [uncaught exception in sharedProcess]: Si è verificato un errore di sistema (ENOENT: no such file or directory, scandir '/home/as/.config/Code/clp/1b1531163e299584b2231a3b7fa4455a.it'): Error: ENOENT: no such file or directory, scandir '/home/as/.config/Code/clp/1b1531163e299584b2231a3b7fa4455a.it'
