2024-02-03 10:34:01.043 [info] Extension host with pid 186371 started
2024-02-03 10:34:01.091 [info] ExtensionService#_doActivateExtension vscode.git-base, startup: true, activationEvent: '*', root cause: vscode.git
2024-02-03 10:34:01.092 [info] ExtensionService#_doActivateExtension naumovs.color-highlight, startup: true, activationEvent: '*'
2024-02-03 10:34:01.152 [info] ExtensionService#_doActivateExtension vscode.git, startup: true, activationEvent: '*'
2024-02-03 10:34:01.153 [info] ExtensionService#_doActivateExtension vscode.github, startup: true, activationEvent: '*'
2024-02-03 10:34:01.698 [info] Eager extensions activated
2024-02-03 10:34:01.867 [info] ExtensionService#_doActivateExtension vscode.debug-auto-launch, startup: false, activationEvent: 'onStartupFinished'
2024-02-03 10:34:01.868 [info] ExtensionService#_doActivateExtension vscode.merge-conflict, startup: false, activationEvent: 'onStartupFinished'
2024-02-03 10:34:15.444 [info] Extension host terminating: renderer closed the MessagePort
2024-02-03 10:34:15.459 [info] Extension host with pid 186371 exiting with code 0
2024-02-03 10:34:16.670 [info] Extension host with pid 186744 started
2024-02-03 10:34:16.670 [info] Skipping acquiring lock for /home/as/.config/Code/User/workspaceStorage/719e5353a4567b3313153414c4d9726a.
2024-02-03 10:34:16.949 [info] ExtensionService#_doActivateExtension vscode.emmet, startup: false, activationEvent: 'onLanguage'
2024-02-03 10:34:17.130 [info] ExtensionService#_doActivateExtension vscode.git-base, startup: true, activationEvent: '*', root cause: vscode.git
2024-02-03 10:34:17.131 [info] ExtensionService#_doActivateExtension naumovs.color-highlight, startup: true, activationEvent: '*'
2024-02-03 10:34:17.296 [info] ExtensionService#_doActivateExtension vscode.git, startup: true, activationEvent: '*'
2024-02-03 10:34:17.296 [info] ExtensionService#_doActivateExtension vscode.github, startup: true, activationEvent: '*'
2024-02-03 10:34:17.477 [info] Eager extensions activated
2024-02-03 10:34:17.524 [info] ExtensionService#_doActivateExtension vscode.debug-auto-launch, startup: false, activationEvent: 'onStartupFinished'
2024-02-03 10:34:17.525 [info] ExtensionService#_doActivateExtension vscode.merge-conflict, startup: false, activationEvent: 'onStartupFinished'
